<?xml version="1.0" encoding="UTF-8"?>
<testng-results skipped="0" failed="0" ignored="0" total="1" passed="1">
  <reporter-output>
  </reporter-output>
  <suite name="Default suite" duration-ms="11232" started-at="2017-09-12T16:08:14Z" finished-at="2017-09-12T16:08:25Z">
    <groups>
    </groups>
    <test name="Default test" duration-ms="11232" started-at="2017-09-12T16:08:14Z" finished-at="2017-09-12T16:08:25Z">
      <class name="DD_Test.Demo">
        <test-method status="PASS" signature="init()[pri:0, instance:DD_Test.Demo@7d1d39]" name="init" is-config="true" duration-ms="13551" started-at="2017-09-12T21:38:00Z" finished-at="2017-09-12T21:38:14Z">
          <reporter-output>
          </reporter-output>
        </test-method> <!-- init -->
        <test-method status="PASS" signature="google_Language(java.lang.String, java.lang.String, java.lang.String, java.lang.String, java.lang.String, java.lang.String, java.lang.String, java.lang.String)[pri:0, instance:DD_Test.Demo@7d1d39]" name="google_Language" duration-ms="11200" started-at="2017-09-12T21:38:14Z" data-provider="getData" finished-at="2017-09-12T21:38:25Z">
          <params>
            <param index="0">
              <value>
                <![CDATA[ganeshpawale47@gmail.com]]>
              </value>
            </param>
            <param index="1">
              <value>
                <![CDATA[ganesh47]]>
              </value>
            </param>
            <param index="2">
              <value>
                <![CDATA[Ganesh Pawale]]>
              </value>
            </param>
            <param index="3">
              <value>
                <![CDATA[gd.pawale@gmail.com]]>
              </value>
            </param>
            <param index="4">
              <value>
                <![CDATA[agarkarswapnil9999@gmail.com]]>
              </value>
            </param>
            <param index="5">
              <value>
                <![CDATA[gd.pawale@gmail.com]]>
              </value>
            </param>
            <param index="6">
              <value>
                <![CDATA[Test email]]>
              </value>
            </param>
            <param index="7">
              <value>
                <![CDATA[Regards,Ganesh Pawale]]>
              </value>
            </param>
          </params>
          <reporter-output>
          </reporter-output>
        </test-method> <!-- google_Language -->
        <test-method status="PASS" signature="closeBrowser()[pri:0, instance:DD_Test.Demo@7d1d39]" name="closeBrowser" is-config="true" duration-ms="0" started-at="2017-09-12T21:38:26Z" finished-at="2017-09-12T21:38:26Z">
          <reporter-output>
          </reporter-output>
        </test-method> <!-- closeBrowser -->
      </class> <!-- DD_Test.Demo -->
    </test> <!-- Default test -->
  </suite> <!-- Default suite -->
</testng-results>
